<?xml version="1.0" encoding="UTF-8"?>
<!-- Generated by org.testng.reporters.JUnitReportReporter -->
<testsuite hostname="51-K03-011" name="com.example.FormTest" tests="4" failures="0" timestamp="13 Jan 2018 03:33:57 GMT" time="0.564" errors="0">
  <testcase name="doGet" time="0.512" classname="com.example.FormTest"/>
  <testcase name="doGet" time="0.015" classname="com.example.FormTest"/>
  <testcase name="doGet" time="0.019" classname="com.example.FormTest"/>
  <testcase name="doGet" time="0.018" classname="com.example.FormTest"/>
</testsuite> <!-- com.example.FormTest -->
